<?xml version="1.0" encoding="UTF-8"?>
<testsuite xmlns:xsi="http://www.w3.org/2001/XMLSchema-instance" xsi:noNamespaceSchemaLocation="https://maven.apache.org/surefire/maven-surefire-plugin/xsd/surefire-test-report.xsd" name="examples.users.runner.TestRunnerKarate" time="21.091" tests="1" errors="0" skipped="0" failures="1">
  <properties>
    <property name="sun.desktop" value="windows"/>
    <property name="awt.toolkit" value="sun.awt.windows.WToolkit"/>
    <property name="file.encoding.pkg" value="sun.io"/>
    <property name="java.specification.version" value="1.8"/>
    <property name="sun.cpu.isalist" value="amd64"/>
    <property name="sun.jnu.encoding" value="Cp1252"/>
    <property name="java.class.path" value="C:\Users\tushar.khushal.lakhe\IdeaProjects\SmartAPIautomationframework\target\test-classes;C:\Users\tushar.khushal.lakhe\IdeaProjects\SmartAPIautomationframework\target\classes;C:\Users\tushar.khushal.lakhe\.m2\repository\com\intuit\karate\karate-junit5\1.1.0\karate-junit5-1.1.0.jar;C:\Users\tushar.khushal.lakhe\.m2\repository\com\intuit\karate\karate-core\1.1.0\karate-core-1.1.0.jar;C:\Users\tushar.khushal.lakhe\.m2\repository\org\graalvm\js\js-scriptengine\21.2.0\js-scriptengine-21.2.0.jar;C:\Users\tushar.khushal.lakhe\.m2\repository\org\graalvm\sdk\graal-sdk\21.2.0\graal-sdk-21.2.0.jar;C:\Users\tushar.khushal.lakhe\.m2\repository\org\graalvm\js\js\21.2.0\js-21.2.0.jar;C:\Users\tushar.khushal.lakhe\.m2\repository\org\graalvm\regex\regex\21.2.0\regex-21.2.0.jar;C:\Users\tushar.khushal.lakhe\.m2\repository\org\graalvm\truffle\truffle-api\21.2.0\truffle-api-21.2.0.jar;C:\Users\tushar.khushal.lakhe\.m2\repository\com\ibm\icu\icu4j\69.1\icu4j-69.1.jar;C:\Users\tushar.khushal.lakhe\.m2\repository\com\jayway\jsonpath\json-path\2.6.0\json-path-2.6.0.jar;C:\Users\tushar.khushal.lakhe\.m2\repository\net\minidev\json-smart\2.4.7\json-smart-2.4.7.jar;C:\Users\tushar.khushal.lakhe\.m2\repository\net\minidev\accessors-smart\2.4.7\accessors-smart-2.4.7.jar;C:\Users\tushar.khushal.lakhe\.m2\repository\org\ow2\asm\asm\9.1\asm-9.1.jar;C:\Users\tushar.khushal.lakhe\.m2\repository\info\cukes\cucumber-java\1.2.5\cucumber-java-1.2.5.jar;C:\Users\tushar.khushal.lakhe\.m2\repository\info\cukes\cucumber-core\1.2.5\cucumber-core-1.2.5.jar;C:\Users\tushar.khushal.lakhe\.m2\repository\org\yaml\snakeyaml\1.29\snakeyaml-1.29.jar;C:\Users\tushar.khushal.lakhe\.m2\repository\de\siegmar\fastcsv\2.0.0\fastcsv-2.0.0.jar;C:\Users\tushar.khushal.lakhe\.m2\repository\info\picocli\picocli\4.6.1\picocli-4.6.1.jar;C:\Users\tushar.khushal.lakhe\.m2\repository\org\junit\jupiter\junit-jupiter-api\5.7.2\junit-jupiter-api-5.7.2.jar;C:\Users\tushar.khushal.lakhe\.m2\repository\org\apiguardian\apiguardian-api\1.1.0\apiguardian-api-1.1.0.jar;C:\Users\tushar.khushal.lakhe\.m2\repository\org\opentest4j\opentest4j\1.2.0\opentest4j-1.2.0.jar;C:\Users\tushar.khushal.lakhe\.m2\repository\org\junit\platform\junit-platform-commons\1.7.2\junit-platform-commons-1.7.2.jar;C:\Users\tushar.khushal.lakhe\.m2\repository\org\junit\jupiter\junit-jupiter-engine\5.7.2\junit-jupiter-engine-5.7.2.jar;C:\Users\tushar.khushal.lakhe\.m2\repository\org\junit\platform\junit-platform-engine\1.7.2\junit-platform-engine-1.7.2.jar;C:\Users\tushar.khushal.lakhe\.m2\repository\io\gatling\highcharts\gatling-charts-highcharts\3.7.0-M4\gatling-charts-highcharts-3.7.0-M4.jar;C:\Users\tushar.khushal.lakhe\.m2\repository\org\scala-lang\scala-library\2.13.7\scala-library-2.13.7.jar;C:\Users\tushar.khushal.lakhe\.m2\repository\io\gatling\gatling-app\3.7.0-M4\gatling-app-3.7.0-M4.jar;C:\Users\tushar.khushal.lakhe\.m2\repository\io\gatling\gatling-core\3.7.0-M4\gatling-core-3.7.0-M4.jar;C:\Users\tushar.khushal.lakhe\.m2\repository\io\gatling\gatling-commons\3.7.0-M4\gatling-commons-3.7.0-M4.jar;C:\Users\tushar.khushal.lakhe\.m2\repository\io\gatling\gatling-commons-shared\3.7.0-M4\gatling-commons-shared-3.7.0-M4.jar;C:\Users\tushar.khushal.lakhe\.m2\repository\org\scala-lang\scala-reflect\2.13.7\scala-reflect-2.13.7.jar;C:\Users\tushar.khushal.lakhe\.m2\repository\io\suzaku\boopickle_2.13\1.3.3\boopickle_2.13-1.3.3.jar;C:\Users\tushar.khushal.lakhe\.m2\repository\io\gatling\gatling-commons-shared-unstable\3.7.0-M4\gatling-commons-shared-unstable-3.7.0-M4.jar;C:\Users\tushar.khushal.lakhe\.m2\repository\org\typelevel\spire-macros_2.13\0.17.0\spire-macros_2.13-0.17.0.jar;C:\Users\tushar.khushal.lakhe\.m2\repository\com\typesafe\scala-logging\scala-logging_2.13\3.9.4\scala-logging_2.13-3.9.4.jar;C:\Users\tushar.khushal.lakhe\.m2\repository\io\gatling\gatling-jsonpath\3.7.0-M4\gatling-jsonpath-3.7.0-M4.jar;C:\Users\tushar.khushal.lakhe\.m2\repository\com\typesafe\akka\akka-slf4j_2.13\2.6.17\akka-slf4j_2.13-2.6.17.jar;C:\Users\tushar.khushal.lakhe\.m2\repository\org\simpleflatmapper\lightning-csv\8.2.3\lightning-csv-8.2.3.jar;C:\Users\tushar.khushal.lakhe\.m2\repository\org\simpleflatmapper\sfm-util\8.2.3\sfm-util-8.2.3.jar;C:\Users\tushar.khushal.lakhe\.m2\repository\com\github\ben-manes\caffeine\caffeine\2.9.2\caffeine-2.9.2.jar;C:\Users\tushar.khushal.lakhe\.m2\repository\io\pebbletemplates\pebble\3.1.5\pebble-3.1.5.jar;C:\Users\tushar.khushal.lakhe\.m2\repository\org\unbescape\unbescape\1.1.6.RELEASE\unbescape-1.1.6.RELEASE.jar;C:\Users\tushar.khushal.lakhe\.m2\repository\org\scala-lang\modules\scala-parser-combinators_2.13\2.1.0\scala-parser-combinators_2.13-2.1.0.jar;C:\Users\tushar.khushal.lakhe\.m2\repository\com\github\scopt\scopt_2.13\3.7.1\scopt_2.13-3.7.1.jar;C:\Users\tushar.khushal.lakhe\.m2\repository\io\netty\netty-handler\4.1.69.Final\netty-handler-4.1.69.Final.jar;C:\Users\tushar.khushal.lakhe\.m2\repository\io\netty\netty-common\4.1.69.Final\netty-common-4.1.69.Final.jar;C:\Users\tushar.khushal.lakhe\.m2\repository\io\netty\netty-resolver\4.1.69.Final\netty-resolver-4.1.69.Final.jar;C:\Users\tushar.khushal.lakhe\.m2\repository\io\netty\netty-buffer\4.1.69.Final\netty-buffer-4.1.69.Final.jar;C:\Users\tushar.khushal.lakhe\.m2\repository\io\netty\netty-transport\4.1.69.Final\netty-transport-4.1.69.Final.jar;C:\Users\tushar.khushal.lakhe\.m2\repository\io\netty\netty-codec\4.1.69.Final\netty-codec-4.1.69.Final.jar;C:\Users\tushar.khushal.lakhe\.m2\repository\com\softwaremill\quicklens\quicklens_2.13\1.7.5\quicklens_2.13-1.7.5.jar;C:\Users\tushar.khushal.lakhe\.m2\repository\net\sf\saxon\Saxon-HE\10.6\Saxon-HE-10.6.jar;C:\Users\tushar.khushal.lakhe\.m2\repository\org\jodd\jodd-lagarto\6.0.5\jodd-lagarto-6.0.5.jar;C:\Users\tushar.khushal.lakhe\.m2\repository\org\jodd\jodd-util\6.0.1\jodd-util-6.0.1.jar;C:\Users\tushar.khushal.lakhe\.m2\repository\io\burt\jmespath-jackson\0.5.0\jmespath-jackson-0.5.0.jar;C:\Users\tushar.khushal.lakhe\.m2\repository\io\burt\jmespath-core\0.5.0\jmespath-core-0.5.0.jar;C:\Users\tushar.khushal.lakhe\.m2\repository\io\gatling\gatling-core-java\3.7.0-M4\gatling-core-java-3.7.0-M4.jar;C:\Users\tushar.khushal.lakhe\.m2\repository\net\jodah\typetools\0.6.3\typetools-0.6.3.jar;C:\Users\tushar.khushal.lakhe\.m2\repository\io\gatling\gatling-http\3.7.0-M4\gatling-http-3.7.0-M4.jar;C:\Users\tushar.khushal.lakhe\.m2\repository\io\gatling\gatling-http-client\3.7.0-M4\gatling-http-client-3.7.0-M4.jar;C:\Users\tushar.khushal.lakhe\.m2\repository\io\netty\netty-handler-proxy\4.1.69.Final\netty-handler-proxy-4.1.69.Final.jar;C:\Users\tushar.khushal.lakhe\.m2\repository\io\netty\netty-codec-socks\4.1.69.Final\netty-codec-socks-4.1.69.Final.jar;C:\Users\tushar.khushal.lakhe\.m2\repository\io\netty\netty-resolver-dns\4.1.69.Final\netty-resolver-dns-4.1.69.Final.jar;C:\Users\tushar.khushal.lakhe\.m2\repository\io\netty\netty-codec-dns\4.1.69.Final\netty-codec-dns-4.1.69.Final.jar;C:\Users\tushar.khushal.lakhe\.m2\repository\io\netty\netty-codec-http2\4.1.69.Final\netty-codec-http2-4.1.69.Final.jar;C:\Users\tushar.khushal.lakhe\.m2\repository\io\netty\netty-tcnative-boringssl-static\2.0.45.Final\netty-tcnative-boringssl-static-2.0.45.Final.jar;C:\Users\tushar.khushal.lakhe\.m2\repository\com\aayushatharva\brotli4j\brotli4j\1.6.0\brotli4j-1.6.0.jar;C:\Users\tushar.khushal.lakhe\.m2\repository\com\aayushatharva\brotli4j\native-linux-x86_64\1.6.0\native-linux-x86_64-1.6.0.jar;C:\Users\tushar.khushal.lakhe\.m2\repository\com\aayushatharva\brotli4j\native-linux-aarch64\1.6.0\native-linux-aarch64-1.6.0.jar;C:\Users\tushar.khushal.lakhe\.m2\repository\com\aayushatharva\brotli4j\native-osx-x86_64\1.6.0\native-osx-x86_64-1.6.0.jar;C:\Users\tushar.khushal.lakhe\.m2\repository\com\aayushatharva\brotli4j\native-windows-x86_64\1.6.0\native-windows-x86_64-1.6.0.jar;C:\Users\tushar.khushal.lakhe\.m2\repository\io\gatling\gatling-http-java\3.7.0-M4\gatling-http-java-3.7.0-M4.jar;C:\Users\tushar.khushal.lakhe\.m2\repository\io\gatling\gatling-jms\3.7.0-M4\gatling-jms-3.7.0-M4.jar;C:\Users\tushar.khushal.lakhe\.m2\repository\javax\jms\javax.jms-api\2.0.1\javax.jms-api-2.0.1.jar;C:\Users\tushar.khushal.lakhe\.m2\repository\com\eatthepath\fast-uuid\0.2.0\fast-uuid-0.2.0.jar;C:\Users\tushar.khushal.lakhe\.m2\repository\io\gatling\gatling-jms-java\3.7.0-M4\gatling-jms-java-3.7.0-M4.jar;C:\Users\tushar.khushal.lakhe\.m2\repository\io\gatling\gatling-mqtt\3.7.0-M4\gatling-mqtt-3.7.0-M4.jar;C:\Users\tushar.khushal.lakhe\.m2\repository\io\gatling\gatling-netty-util\3.7.0-M4\gatling-netty-util-3.7.0-M4.jar;C:\Users\tushar.khushal.lakhe\.m2\repository\io\netty\netty-codec-mqtt\4.1.69.Final\netty-codec-mqtt-4.1.69.Final.jar;C:\Users\tushar.khushal.lakhe\.m2\repository\io\netty\netty-transport-native-epoll\4.1.69.Final\netty-transport-native-epoll-4.1.69.Final-linux-x86_64.jar;C:\Users\tushar.khushal.lakhe\.m2\repository\io\netty\netty-transport-native-unix-common\4.1.69.Final\netty-transport-native-unix-common-4.1.69.Final.jar;C:\Users\tushar.khushal.lakhe\.m2\repository\io\gatling\gatling-mqtt-java\3.7.0-M4\gatling-mqtt-java-3.7.0-M4.jar;C:\Users\tushar.khushal.lakhe\.m2\repository\io\gatling\gatling-jdbc\3.7.0-M4\gatling-jdbc-3.7.0-M4.jar;C:\Users\tushar.khushal.lakhe\.m2\repository\io\gatling\gatling-jdbc-java\3.7.0-M4\gatling-jdbc-java-3.7.0-M4.jar;C:\Users\tushar.khushal.lakhe\.m2\repository\io\gatling\gatling-redis\3.7.0-M4\gatling-redis-3.7.0-M4.jar;C:\Users\tushar.khushal.lakhe\.m2\repository\net\debasishg\redisclient_2.13\3.41\redisclient_2.13-3.41.jar;C:\Users\tushar.khushal.lakhe\.m2\repository\org\apache\commons\commons-pool2\2.8.0\commons-pool2-2.8.0.jar;C:\Users\tushar.khushal.lakhe\.m2\repository\io\gatling\gatling-redis-java\3.7.0-M4\gatling-redis-java-3.7.0-M4.jar;C:\Users\tushar.khushal.lakhe\.m2\repository\io\gatling\gatling-graphite\3.7.0-M4\gatling-graphite-3.7.0-M4.jar;C:\Users\tushar.khushal.lakhe\.m2\repository\org\hdrhistogram\HdrHistogram\2.1.12\HdrHistogram-2.1.12.jar;C:\Users\tushar.khushal.lakhe\.m2\repository\io\gatling\gatling-charts\3.7.0-M4\gatling-charts-3.7.0-M4.jar;C:\Users\tushar.khushal.lakhe\.m2\repository\com\tdunning\t-digest\3.1\t-digest-3.1.jar;C:\Users\tushar.khushal.lakhe\.m2\repository\io\gatling\gatling-recorder\3.7.0-M4\gatling-recorder-3.7.0-M4.jar;C:\Users\tushar.khushal.lakhe\.m2\repository\org\scala-lang\modules\scala-swing_2.13\3.0.0\scala-swing_2.13-3.0.0.jar;C:\Users\tushar.khushal.lakhe\.m2\repository\org\bouncycastle\bcpkix-jdk15on\1.69\bcpkix-jdk15on-1.69.jar;C:\Users\tushar.khushal.lakhe\.m2\repository\org\bouncycastle\bcprov-jdk15on\1.69\bcprov-jdk15on-1.69.jar;C:\Users\tushar.khushal.lakhe\.m2\repository\org\bouncycastle\bcutil-jdk15on\1.69\bcutil-jdk15on-1.69.jar;C:\Users\tushar.khushal.lakhe\.m2\repository\com\typesafe\akka\akka-actor_2.13\2.6.17\akka-actor_2.13-2.6.17.jar;C:\Users\tushar.khushal.lakhe\.m2\repository\com\typesafe\config\1.4.0\config-1.4.0.jar;C:\Users\tushar.khushal.lakhe\.m2\repository\org\scala-lang\modules\scala-java8-compat_2.13\1.0.0\scala-java8-compat_2.13-1.0.0.jar;C:\Users\tushar.khushal.lakhe\.m2\repository\com\intuit\karate\karate-apache\0.9.6\karate-apache-0.9.6.jar;C:\Users\tushar.khushal.lakhe\.m2\repository\org\apache\httpcomponents\httpclient\4.5.12\httpclient-4.5.12.jar;C:\Users\tushar.khushal.lakhe\.m2\repository\org\apache\httpcomponents\httpcore\4.4.13\httpcore-4.4.13.jar;C:\Users\tushar.khushal.lakhe\.m2\repository\commons-codec\commons-codec\1.11\commons-codec-1.11.jar;C:\Users\tushar.khushal.lakhe\.m2\repository\org\apache\httpcomponents\httpmime\4.5.12\httpmime-4.5.12.jar;C:\Users\tushar.khushal.lakhe\.m2\repository\org\slf4j\jcl-over-slf4j\1.7.25\jcl-over-slf4j-1.7.25.jar;C:\Users\tushar.khushal.lakhe\.m2\repository\ch\qos\logback\logback-classic\1.2.3\logback-classic-1.2.3.jar;C:\Users\tushar.khushal.lakhe\.m2\repository\ch\qos\logback\logback-core\1.2.3\logback-core-1.2.3.jar;C:\Users\tushar.khushal.lakhe\.m2\repository\com\intuit\karate\karate-gatling\1.2.0.RC1\karate-gatling-1.2.0.RC1.jar;C:\Users\tushar.khushal.lakhe\.m2\repository\net\masterthought\cucumber-reporting\5.6.0\cucumber-reporting-5.6.0.jar;C:\Users\tushar.khushal.lakhe\.m2\repository\com\fasterxml\jackson\core\jackson-databind\2.12.1\jackson-databind-2.12.1.jar;C:\Users\tushar.khushal.lakhe\.m2\repository\com\fasterxml\jackson\core\jackson-annotations\2.12.1\jackson-annotations-2.12.1.jar;C:\Users\tushar.khushal.lakhe\.m2\repository\com\fasterxml\jackson\core\jackson-core\2.12.1\jackson-core-2.12.1.jar;C:\Users\tushar.khushal.lakhe\.m2\repository\com\fasterxml\jackson\datatype\jackson-datatype-jsr310\2.12.1\jackson-datatype-jsr310-2.12.1.jar;C:\Users\tushar.khushal.lakhe\.m2\repository\org\apache\velocity\velocity-engine-core\2.3\velocity-engine-core-2.3.jar;C:\Users\tushar.khushal.lakhe\.m2\repository\commons-collections\commons-collections\3.2.2\commons-collections-3.2.2.jar;C:\Users\tushar.khushal.lakhe\.m2\repository\joda-time\joda-time\2.10.10\joda-time-2.10.10.jar;C:\Users\tushar.khushal.lakhe\.m2\repository\org\apache\commons\commons-lang3\3.12.0\commons-lang3-3.12.0.jar;C:\Users\tushar.khushal.lakhe\.m2\repository\commons-io\commons-io\2.7\commons-io-2.7.jar;C:\Users\tushar.khushal.lakhe\.m2\repository\org\codehaus\plexus\plexus-utils\3.3.0\plexus-utils-3.3.0.jar;C:\Users\tushar.khushal.lakhe\.m2\repository\org\jsoup\jsoup\1.14.2\jsoup-1.14.2.jar;C:\Users\tushar.khushal.lakhe\.m2\repository\com\google\guava\guava\30.1.1-jre\guava-30.1.1-jre.jar;C:\Users\tushar.khushal.lakhe\.m2\repository\com\google\guava\failureaccess\1.0.1\failureaccess-1.0.1.jar;C:\Users\tushar.khushal.lakhe\.m2\repository\com\google\guava\listenablefuture\9999.0-empty-to-avoid-conflict-with-guava\listenablefuture-9999.0-empty-to-avoid-conflict-with-guava.jar;C:\Users\tushar.khushal.lakhe\.m2\repository\com\google\code\findbugs\jsr305\3.0.2\jsr305-3.0.2.jar;C:\Users\tushar.khushal.lakhe\.m2\repository\org\checkerframework\checker-qual\3.8.0\checker-qual-3.8.0.jar;C:\Users\tushar.khushal.lakhe\.m2\repository\com\google\errorprone\error_prone_annotations\2.5.1\error_prone_annotations-2.5.1.jar;C:\Users\tushar.khushal.lakhe\.m2\repository\com\google\j2objc\j2objc-annotations\1.3\j2objc-annotations-1.3.jar;C:\Users\tushar.khushal.lakhe\.m2\repository\com\googlecode\owasp-java-html-sanitizer\owasp-java-html-sanitizer\20200713.1\owasp-java-html-sanitizer-20200713.1.jar;C:\Users\tushar.khushal.lakhe\.m2\repository\commons-configuration\commons-configuration\1.10\commons-configuration-1.10.jar;C:\Users\tushar.khushal.lakhe\.m2\repository\commons-lang\commons-lang\2.6\commons-lang-2.6.jar;C:\Users\tushar.khushal.lakhe\.m2\repository\commons-logging\commons-logging\1.1.1\commons-logging-1.1.1.jar;C:\Users\tushar.khushal.lakhe\.m2\repository\com\lihaoyi\upickle-core_3\1.4.1\upickle-core_3-1.4.1.jar;C:\Users\tushar.khushal.lakhe\.m2\repository\com\lihaoyi\geny_3\0.6.10\geny_3-0.6.10.jar;C:\Users\tushar.khushal.lakhe\.m2\repository\junit\junit\4.13.2\junit-4.13.2.jar;C:\Users\tushar.khushal.lakhe\.m2\repository\org\hamcrest\hamcrest-core\1.3\hamcrest-core-1.3.jar;C:\Users\tushar.khushal.lakhe\.m2\repository\org\apache\activemq\activemq-broker\5.16.3\activemq-broker-5.16.3.jar;C:\Users\tushar.khushal.lakhe\.m2\repository\org\apache\activemq\activemq-client\5.16.3\activemq-client-5.16.3.jar;C:\Users\tushar.khushal.lakhe\.m2\repository\org\apache\geronimo\specs\geronimo-jms_1.1_spec\1.1.1\geronimo-jms_1.1_spec-1.1.1.jar;C:\Users\tushar.khushal.lakhe\.m2\repository\org\fusesource\hawtbuf\hawtbuf\1.11\hawtbuf-1.11.jar;C:\Users\tushar.khushal.lakhe\.m2\repository\org\apache\geronimo\specs\geronimo-j2ee-management_1.1_spec\1.0.1\geronimo-j2ee-management_1.1_spec-1.0.1.jar;C:\Users\tushar.khushal.lakhe\.m2\repository\org\apache\activemq\activemq-openwire-legacy\5.16.3\activemq-openwire-legacy-5.16.3.jar;C:\Users\tushar.khushal.lakhe\.m2\repository\org\apache\kafka\kafka-clients\2.8.1\kafka-clients-2.8.1.jar;C:\Users\tushar.khushal.lakhe\.m2\repository\com\github\luben\zstd-jni\1.4.9-1\zstd-jni-1.4.9-1.jar;C:\Users\tushar.khushal.lakhe\.m2\repository\org\lz4\lz4-java\1.7.1\lz4-java-1.7.1.jar;C:\Users\tushar.khushal.lakhe\.m2\repository\org\xerial\snappy\snappy-java\1.1.8.1\snappy-java-1.1.8.1.jar;C:\Users\tushar.khushal.lakhe\.m2\repository\org\slf4j\slf4j-api\1.7.30\slf4j-api-1.7.30.jar;C:\Users\tushar.khushal.lakhe\.m2\repository\org\apache\logging\log4j\log4j-core\2.14.0\log4j-core-2.14.0.jar;C:\Users\tushar.khushal.lakhe\.m2\repository\org\apache\logging\log4j\log4j-api\2.14.0\log4j-api-2.14.0.jar;"/>
    <property name="java.vm.vendor" value="Oracle Corporation"/>
    <property name="sun.arch.data.model" value="64"/>
    <property name="user.variant" value=""/>
    <property name="java.vendor.url" value="http://java.oracle.com/"/>
    <property name="user.timezone" value="Asia/Calcutta"/>
    <property name="java.vm.specification.version" value="1.8"/>
    <property name="os.name" value="Windows 10"/>
    <property name="user.country" value="US"/>
    <property name="sun.java.launcher" value="SUN_STANDARD"/>
    <property name="sun.boot.library.path" value="C:\Program Files\Java\jdk1.8.0_301\jre\bin"/>
    <property name="sun.java.command" value="C:\Users\TUSHAR~1.LAK\AppData\Local\Temp\surefire1087788618298629708\surefirebooter4645081208198149953.jar C:\Users\tushar.khushal.lakhe\AppData\Local\Temp\surefire1087788618298629708 2022-07-04T17-11-34_643-jvmRun1 surefire1889943034840693746tmp surefire_02878494235376107565tmp"/>
    <property name="surefire.test.class.path" value="C:\Users\tushar.khushal.lakhe\IdeaProjects\SmartAPIautomationframework\target\test-classes;C:\Users\tushar.khushal.lakhe\IdeaProjects\SmartAPIautomationframework\target\classes;C:\Users\tushar.khushal.lakhe\.m2\repository\com\intuit\karate\karate-junit5\1.1.0\karate-junit5-1.1.0.jar;C:\Users\tushar.khushal.lakhe\.m2\repository\com\intuit\karate\karate-core\1.1.0\karate-core-1.1.0.jar;C:\Users\tushar.khushal.lakhe\.m2\repository\org\graalvm\js\js-scriptengine\21.2.0\js-scriptengine-21.2.0.jar;C:\Users\tushar.khushal.lakhe\.m2\repository\org\graalvm\sdk\graal-sdk\21.2.0\graal-sdk-21.2.0.jar;C:\Users\tushar.khushal.lakhe\.m2\repository\org\graalvm\js\js\21.2.0\js-21.2.0.jar;C:\Users\tushar.khushal.lakhe\.m2\repository\org\graalvm\regex\regex\21.2.0\regex-21.2.0.jar;C:\Users\tushar.khushal.lakhe\.m2\repository\org\graalvm\truffle\truffle-api\21.2.0\truffle-api-21.2.0.jar;C:\Users\tushar.khushal.lakhe\.m2\repository\com\ibm\icu\icu4j\69.1\icu4j-69.1.jar;C:\Users\tushar.khushal.lakhe\.m2\repository\com\jayway\jsonpath\json-path\2.6.0\json-path-2.6.0.jar;C:\Users\tushar.khushal.lakhe\.m2\repository\net\minidev\json-smart\2.4.7\json-smart-2.4.7.jar;C:\Users\tushar.khushal.lakhe\.m2\repository\net\minidev\accessors-smart\2.4.7\accessors-smart-2.4.7.jar;C:\Users\tushar.khushal.lakhe\.m2\repository\org\ow2\asm\asm\9.1\asm-9.1.jar;C:\Users\tushar.khushal.lakhe\.m2\repository\info\cukes\cucumber-java\1.2.5\cucumber-java-1.2.5.jar;C:\Users\tushar.khushal.lakhe\.m2\repository\info\cukes\cucumber-core\1.2.5\cucumber-core-1.2.5.jar;C:\Users\tushar.khushal.lakhe\.m2\repository\org\yaml\snakeyaml\1.29\snakeyaml-1.29.jar;C:\Users\tushar.khushal.lakhe\.m2\repository\de\siegmar\fastcsv\2.0.0\fastcsv-2.0.0.jar;C:\Users\tushar.khushal.lakhe\.m2\repository\info\picocli\picocli\4.6.1\picocli-4.6.1.jar;C:\Users\tushar.khushal.lakhe\.m2\repository\org\junit\jupiter\junit-jupiter-api\5.7.2\junit-jupiter-api-5.7.2.jar;C:\Users\tushar.khushal.lakhe\.m2\repository\org\apiguardian\apiguardian-api\1.1.0\apiguardian-api-1.1.0.jar;C:\Users\tushar.khushal.lakhe\.m2\repository\org\opentest4j\opentest4j\1.2.0\opentest4j-1.2.0.jar;C:\Users\tushar.khushal.lakhe\.m2\repository\org\junit\platform\junit-platform-commons\1.7.2\junit-platform-commons-1.7.2.jar;C:\Users\tushar.khushal.lakhe\.m2\repository\org\junit\jupiter\junit-jupiter-engine\5.7.2\junit-jupiter-engine-5.7.2.jar;C:\Users\tushar.khushal.lakhe\.m2\repository\org\junit\platform\junit-platform-engine\1.7.2\junit-platform-engine-1.7.2.jar;C:\Users\tushar.khushal.lakhe\.m2\repository\io\gatling\highcharts\gatling-charts-highcharts\3.7.0-M4\gatling-charts-highcharts-3.7.0-M4.jar;C:\Users\tushar.khushal.lakhe\.m2\repository\org\scala-lang\scala-library\2.13.7\scala-library-2.13.7.jar;C:\Users\tushar.khushal.lakhe\.m2\repository\io\gatling\gatling-app\3.7.0-M4\gatling-app-3.7.0-M4.jar;C:\Users\tushar.khushal.lakhe\.m2\repository\io\gatling\gatling-core\3.7.0-M4\gatling-core-3.7.0-M4.jar;C:\Users\tushar.khushal.lakhe\.m2\repository\io\gatling\gatling-commons\3.7.0-M4\gatling-commons-3.7.0-M4.jar;C:\Users\tushar.khushal.lakhe\.m2\repository\io\gatling\gatling-commons-shared\3.7.0-M4\gatling-commons-shared-3.7.0-M4.jar;C:\Users\tushar.khushal.lakhe\.m2\repository\org\scala-lang\scala-reflect\2.13.7\scala-reflect-2.13.7.jar;C:\Users\tushar.khushal.lakhe\.m2\repository\io\suzaku\boopickle_2.13\1.3.3\boopickle_2.13-1.3.3.jar;C:\Users\tushar.khushal.lakhe\.m2\repository\io\gatling\gatling-commons-shared-unstable\3.7.0-M4\gatling-commons-shared-unstable-3.7.0-M4.jar;C:\Users\tushar.khushal.lakhe\.m2\repository\org\typelevel\spire-macros_2.13\0.17.0\spire-macros_2.13-0.17.0.jar;C:\Users\tushar.khushal.lakhe\.m2\repository\com\typesafe\scala-logging\scala-logging_2.13\3.9.4\scala-logging_2.13-3.9.4.jar;C:\Users\tushar.khushal.lakhe\.m2\repository\io\gatling\gatling-jsonpath\3.7.0-M4\gatling-jsonpath-3.7.0-M4.jar;C:\Users\tushar.khushal.lakhe\.m2\repository\com\typesafe\akka\akka-slf4j_2.13\2.6.17\akka-slf4j_2.13-2.6.17.jar;C:\Users\tushar.khushal.lakhe\.m2\repository\org\simpleflatmapper\lightning-csv\8.2.3\lightning-csv-8.2.3.jar;C:\Users\tushar.khushal.lakhe\.m2\repository\org\simpleflatmapper\sfm-util\8.2.3\sfm-util-8.2.3.jar;C:\Users\tushar.khushal.lakhe\.m2\repository\com\github\ben-manes\caffeine\caffeine\2.9.2\caffeine-2.9.2.jar;C:\Users\tushar.khushal.lakhe\.m2\repository\io\pebbletemplates\pebble\3.1.5\pebble-3.1.5.jar;C:\Users\tushar.khushal.lakhe\.m2\repository\org\unbescape\unbescape\1.1.6.RELEASE\unbescape-1.1.6.RELEASE.jar;C:\Users\tushar.khushal.lakhe\.m2\repository\org\scala-lang\modules\scala-parser-combinators_2.13\2.1.0\scala-parser-combinators_2.13-2.1.0.jar;C:\Users\tushar.khushal.lakhe\.m2\repository\com\github\scopt\scopt_2.13\3.7.1\scopt_2.13-3.7.1.jar;C:\Users\tushar.khushal.lakhe\.m2\repository\io\netty\netty-handler\4.1.69.Final\netty-handler-4.1.69.Final.jar;C:\Users\tushar.khushal.lakhe\.m2\repository\io\netty\netty-common\4.1.69.Final\netty-common-4.1.69.Final.jar;C:\Users\tushar.khushal.lakhe\.m2\repository\io\netty\netty-resolver\4.1.69.Final\netty-resolver-4.1.69.Final.jar;C:\Users\tushar.khushal.lakhe\.m2\repository\io\netty\netty-buffer\4.1.69.Final\netty-buffer-4.1.69.Final.jar;C:\Users\tushar.khushal.lakhe\.m2\repository\io\netty\netty-transport\4.1.69.Final\netty-transport-4.1.69.Final.jar;C:\Users\tushar.khushal.lakhe\.m2\repository\io\netty\netty-codec\4.1.69.Final\netty-codec-4.1.69.Final.jar;C:\Users\tushar.khushal.lakhe\.m2\repository\com\softwaremill\quicklens\quicklens_2.13\1.7.5\quicklens_2.13-1.7.5.jar;C:\Users\tushar.khushal.lakhe\.m2\repository\net\sf\saxon\Saxon-HE\10.6\Saxon-HE-10.6.jar;C:\Users\tushar.khushal.lakhe\.m2\repository\org\jodd\jodd-lagarto\6.0.5\jodd-lagarto-6.0.5.jar;C:\Users\tushar.khushal.lakhe\.m2\repository\org\jodd\jodd-util\6.0.1\jodd-util-6.0.1.jar;C:\Users\tushar.khushal.lakhe\.m2\repository\io\burt\jmespath-jackson\0.5.0\jmespath-jackson-0.5.0.jar;C:\Users\tushar.khushal.lakhe\.m2\repository\io\burt\jmespath-core\0.5.0\jmespath-core-0.5.0.jar;C:\Users\tushar.khushal.lakhe\.m2\repository\io\gatling\gatling-core-java\3.7.0-M4\gatling-core-java-3.7.0-M4.jar;C:\Users\tushar.khushal.lakhe\.m2\repository\net\jodah\typetools\0.6.3\typetools-0.6.3.jar;C:\Users\tushar.khushal.lakhe\.m2\repository\io\gatling\gatling-http\3.7.0-M4\gatling-http-3.7.0-M4.jar;C:\Users\tushar.khushal.lakhe\.m2\repository\io\gatling\gatling-http-client\3.7.0-M4\gatling-http-client-3.7.0-M4.jar;C:\Users\tushar.khushal.lakhe\.m2\repository\io\netty\netty-handler-proxy\4.1.69.Final\netty-handler-proxy-4.1.69.Final.jar;C:\Users\tushar.khushal.lakhe\.m2\repository\io\netty\netty-codec-socks\4.1.69.Final\netty-codec-socks-4.1.69.Final.jar;C:\Users\tushar.khushal.lakhe\.m2\repository\io\netty\netty-resolver-dns\4.1.69.Final\netty-resolver-dns-4.1.69.Final.jar;C:\Users\tushar.khushal.lakhe\.m2\repository\io\netty\netty-codec-dns\4.1.69.Final\netty-codec-dns-4.1.69.Final.jar;C:\Users\tushar.khushal.lakhe\.m2\repository\io\netty\netty-codec-http2\4.1.69.Final\netty-codec-http2-4.1.69.Final.jar;C:\Users\tushar.khushal.lakhe\.m2\repository\io\netty\netty-tcnative-boringssl-static\2.0.45.Final\netty-tcnative-boringssl-static-2.0.45.Final.jar;C:\Users\tushar.khushal.lakhe\.m2\repository\com\aayushatharva\brotli4j\brotli4j\1.6.0\brotli4j-1.6.0.jar;C:\Users\tushar.khushal.lakhe\.m2\repository\com\aayushatharva\brotli4j\native-linux-x86_64\1.6.0\native-linux-x86_64-1.6.0.jar;C:\Users\tushar.khushal.lakhe\.m2\repository\com\aayushatharva\brotli4j\native-linux-aarch64\1.6.0\native-linux-aarch64-1.6.0.jar;C:\Users\tushar.khushal.lakhe\.m2\repository\com\aayushatharva\brotli4j\native-osx-x86_64\1.6.0\native-osx-x86_64-1.6.0.jar;C:\Users\tushar.khushal.lakhe\.m2\repository\com\aayushatharva\brotli4j\native-windows-x86_64\1.6.0\native-windows-x86_64-1.6.0.jar;C:\Users\tushar.khushal.lakhe\.m2\repository\io\gatling\gatling-http-java\3.7.0-M4\gatling-http-java-3.7.0-M4.jar;C:\Users\tushar.khushal.lakhe\.m2\repository\io\gatling\gatling-jms\3.7.0-M4\gatling-jms-3.7.0-M4.jar;C:\Users\tushar.khushal.lakhe\.m2\repository\javax\jms\javax.jms-api\2.0.1\javax.jms-api-2.0.1.jar;C:\Users\tushar.khushal.lakhe\.m2\repository\com\eatthepath\fast-uuid\0.2.0\fast-uuid-0.2.0.jar;C:\Users\tushar.khushal.lakhe\.m2\repository\io\gatling\gatling-jms-java\3.7.0-M4\gatling-jms-java-3.7.0-M4.jar;C:\Users\tushar.khushal.lakhe\.m2\repository\io\gatling\gatling-mqtt\3.7.0-M4\gatling-mqtt-3.7.0-M4.jar;C:\Users\tushar.khushal.lakhe\.m2\repository\io\gatling\gatling-netty-util\3.7.0-M4\gatling-netty-util-3.7.0-M4.jar;C:\Users\tushar.khushal.lakhe\.m2\repository\io\netty\netty-codec-mqtt\4.1.69.Final\netty-codec-mqtt-4.1.69.Final.jar;C:\Users\tushar.khushal.lakhe\.m2\repository\io\netty\netty-transport-native-epoll\4.1.69.Final\netty-transport-native-epoll-4.1.69.Final-linux-x86_64.jar;C:\Users\tushar.khushal.lakhe\.m2\repository\io\netty\netty-transport-native-unix-common\4.1.69.Final\netty-transport-native-unix-common-4.1.69.Final.jar;C:\Users\tushar.khushal.lakhe\.m2\repository\io\gatling\gatling-mqtt-java\3.7.0-M4\gatling-mqtt-java-3.7.0-M4.jar;C:\Users\tushar.khushal.lakhe\.m2\repository\io\gatling\gatling-jdbc\3.7.0-M4\gatling-jdbc-3.7.0-M4.jar;C:\Users\tushar.khushal.lakhe\.m2\repository\io\gatling\gatling-jdbc-java\3.7.0-M4\gatling-jdbc-java-3.7.0-M4.jar;C:\Users\tushar.khushal.lakhe\.m2\repository\io\gatling\gatling-redis\3.7.0-M4\gatling-redis-3.7.0-M4.jar;C:\Users\tushar.khushal.lakhe\.m2\repository\net\debasishg\redisclient_2.13\3.41\redisclient_2.13-3.41.jar;C:\Users\tushar.khushal.lakhe\.m2\repository\org\apache\commons\commons-pool2\2.8.0\commons-pool2-2.8.0.jar;C:\Users\tushar.khushal.lakhe\.m2\repository\io\gatling\gatling-redis-java\3.7.0-M4\gatling-redis-java-3.7.0-M4.jar;C:\Users\tushar.khushal.lakhe\.m2\repository\io\gatling\gatling-graphite\3.7.0-M4\gatling-graphite-3.7.0-M4.jar;C:\Users\tushar.khushal.lakhe\.m2\repository\org\hdrhistogram\HdrHistogram\2.1.12\HdrHistogram-2.1.12.jar;C:\Users\tushar.khushal.lakhe\.m2\repository\io\gatling\gatling-charts\3.7.0-M4\gatling-charts-3.7.0-M4.jar;C:\Users\tushar.khushal.lakhe\.m2\repository\com\tdunning\t-digest\3.1\t-digest-3.1.jar;C:\Users\tushar.khushal.lakhe\.m2\repository\io\gatling\gatling-recorder\3.7.0-M4\gatling-recorder-3.7.0-M4.jar;C:\Users\tushar.khushal.lakhe\.m2\repository\org\scala-lang\modules\scala-swing_2.13\3.0.0\scala-swing_2.13-3.0.0.jar;C:\Users\tushar.khushal.lakhe\.m2\repository\org\bouncycastle\bcpkix-jdk15on\1.69\bcpkix-jdk15on-1.69.jar;C:\Users\tushar.khushal.lakhe\.m2\repository\org\bouncycastle\bcprov-jdk15on\1.69\bcprov-jdk15on-1.69.jar;C:\Users\tushar.khushal.lakhe\.m2\repository\org\bouncycastle\bcutil-jdk15on\1.69\bcutil-jdk15on-1.69.jar;C:\Users\tushar.khushal.lakhe\.m2\repository\com\typesafe\akka\akka-actor_2.13\2.6.17\akka-actor_2.13-2.6.17.jar;C:\Users\tushar.khushal.lakhe\.m2\repository\com\typesafe\config\1.4.0\config-1.4.0.jar;C:\Users\tushar.khushal.lakhe\.m2\repository\org\scala-lang\modules\scala-java8-compat_2.13\1.0.0\scala-java8-compat_2.13-1.0.0.jar;C:\Users\tushar.khushal.lakhe\.m2\repository\com\intuit\karate\karate-apache\0.9.6\karate-apache-0.9.6.jar;C:\Users\tushar.khushal.lakhe\.m2\repository\org\apache\httpcomponents\httpclient\4.5.12\httpclient-4.5.12.jar;C:\Users\tushar.khushal.lakhe\.m2\repository\org\apache\httpcomponents\httpcore\4.4.13\httpcore-4.4.13.jar;C:\Users\tushar.khushal.lakhe\.m2\repository\commons-codec\commons-codec\1.11\commons-codec-1.11.jar;C:\Users\tushar.khushal.lakhe\.m2\repository\org\apache\httpcomponents\httpmime\4.5.12\httpmime-4.5.12.jar;C:\Users\tushar.khushal.lakhe\.m2\repository\org\slf4j\jcl-over-slf4j\1.7.25\jcl-over-slf4j-1.7.25.jar;C:\Users\tushar.khushal.lakhe\.m2\repository\ch\qos\logback\logback-classic\1.2.3\logback-classic-1.2.3.jar;C:\Users\tushar.khushal.lakhe\.m2\repository\ch\qos\logback\logback-core\1.2.3\logback-core-1.2.3.jar;C:\Users\tushar.khushal.lakhe\.m2\repository\com\intuit\karate\karate-gatling\1.2.0.RC1\karate-gatling-1.2.0.RC1.jar;C:\Users\tushar.khushal.lakhe\.m2\repository\net\masterthought\cucumber-reporting\5.6.0\cucumber-reporting-5.6.0.jar;C:\Users\tushar.khushal.lakhe\.m2\repository\com\fasterxml\jackson\core\jackson-databind\2.12.1\jackson-databind-2.12.1.jar;C:\Users\tushar.khushal.lakhe\.m2\repository\com\fasterxml\jackson\core\jackson-annotations\2.12.1\jackson-annotations-2.12.1.jar;C:\Users\tushar.khushal.lakhe\.m2\repository\com\fasterxml\jackson\core\jackson-core\2.12.1\jackson-core-2.12.1.jar;C:\Users\tushar.khushal.lakhe\.m2\repository\com\fasterxml\jackson\datatype\jackson-datatype-jsr310\2.12.1\jackson-datatype-jsr310-2.12.1.jar;C:\Users\tushar.khushal.lakhe\.m2\repository\org\apache\velocity\velocity-engine-core\2.3\velocity-engine-core-2.3.jar;C:\Users\tushar.khushal.lakhe\.m2\repository\commons-collections\commons-collections\3.2.2\commons-collections-3.2.2.jar;C:\Users\tushar.khushal.lakhe\.m2\repository\joda-time\joda-time\2.10.10\joda-time-2.10.10.jar;C:\Users\tushar.khushal.lakhe\.m2\repository\org\apache\commons\commons-lang3\3.12.0\commons-lang3-3.12.0.jar;C:\Users\tushar.khushal.lakhe\.m2\repository\commons-io\commons-io\2.7\commons-io-2.7.jar;C:\Users\tushar.khushal.lakhe\.m2\repository\org\codehaus\plexus\plexus-utils\3.3.0\plexus-utils-3.3.0.jar;C:\Users\tushar.khushal.lakhe\.m2\repository\org\jsoup\jsoup\1.14.2\jsoup-1.14.2.jar;C:\Users\tushar.khushal.lakhe\.m2\repository\com\google\guava\guava\30.1.1-jre\guava-30.1.1-jre.jar;C:\Users\tushar.khushal.lakhe\.m2\repository\com\google\guava\failureaccess\1.0.1\failureaccess-1.0.1.jar;C:\Users\tushar.khushal.lakhe\.m2\repository\com\google\guava\listenablefuture\9999.0-empty-to-avoid-conflict-with-guava\listenablefuture-9999.0-empty-to-avoid-conflict-with-guava.jar;C:\Users\tushar.khushal.lakhe\.m2\repository\com\google\code\findbugs\jsr305\3.0.2\jsr305-3.0.2.jar;C:\Users\tushar.khushal.lakhe\.m2\repository\org\checkerframework\checker-qual\3.8.0\checker-qual-3.8.0.jar;C:\Users\tushar.khushal.lakhe\.m2\repository\com\google\errorprone\error_prone_annotations\2.5.1\error_prone_annotations-2.5.1.jar;C:\Users\tushar.khushal.lakhe\.m2\repository\com\google\j2objc\j2objc-annotations\1.3\j2objc-annotations-1.3.jar;C:\Users\tushar.khushal.lakhe\.m2\repository\com\googlecode\owasp-java-html-sanitizer\owasp-java-html-sanitizer\20200713.1\owasp-java-html-sanitizer-20200713.1.jar;C:\Users\tushar.khushal.lakhe\.m2\repository\commons-configuration\commons-configuration\1.10\commons-configuration-1.10.jar;C:\Users\tushar.khushal.lakhe\.m2\repository\commons-lang\commons-lang\2.6\commons-lang-2.6.jar;C:\Users\tushar.khushal.lakhe\.m2\repository\commons-logging\commons-logging\1.1.1\commons-logging-1.1.1.jar;C:\Users\tushar.khushal.lakhe\.m2\repository\com\lihaoyi\upickle-core_3\1.4.1\upickle-core_3-1.4.1.jar;C:\Users\tushar.khushal.lakhe\.m2\repository\com\lihaoyi\geny_3\0.6.10\geny_3-0.6.10.jar;C:\Users\tushar.khushal.lakhe\.m2\repository\junit\junit\4.13.2\junit-4.13.2.jar;C:\Users\tushar.khushal.lakhe\.m2\repository\org\hamcrest\hamcrest-core\1.3\hamcrest-core-1.3.jar;C:\Users\tushar.khushal.lakhe\.m2\repository\org\apache\activemq\activemq-broker\5.16.3\activemq-broker-5.16.3.jar;C:\Users\tushar.khushal.lakhe\.m2\repository\org\apache\activemq\activemq-client\5.16.3\activemq-client-5.16.3.jar;C:\Users\tushar.khushal.lakhe\.m2\repository\org\apache\geronimo\specs\geronimo-jms_1.1_spec\1.1.1\geronimo-jms_1.1_spec-1.1.1.jar;C:\Users\tushar.khushal.lakhe\.m2\repository\org\fusesource\hawtbuf\hawtbuf\1.11\hawtbuf-1.11.jar;C:\Users\tushar.khushal.lakhe\.m2\repository\org\apache\geronimo\specs\geronimo-j2ee-management_1.1_spec\1.0.1\geronimo-j2ee-management_1.1_spec-1.0.1.jar;C:\Users\tushar.khushal.lakhe\.m2\repository\org\apache\activemq\activemq-openwire-legacy\5.16.3\activemq-openwire-legacy-5.16.3.jar;C:\Users\tushar.khushal.lakhe\.m2\repository\org\apache\kafka\kafka-clients\2.8.1\kafka-clients-2.8.1.jar;C:\Users\tushar.khushal.lakhe\.m2\repository\com\github\luben\zstd-jni\1.4.9-1\zstd-jni-1.4.9-1.jar;C:\Users\tushar.khushal.lakhe\.m2\repository\org\lz4\lz4-java\1.7.1\lz4-java-1.7.1.jar;C:\Users\tushar.khushal.lakhe\.m2\repository\org\xerial\snappy\snappy-java\1.1.8.1\snappy-java-1.1.8.1.jar;C:\Users\tushar.khushal.lakhe\.m2\repository\org\slf4j\slf4j-api\1.7.30\slf4j-api-1.7.30.jar;C:\Users\tushar.khushal.lakhe\.m2\repository\org\apache\logging\log4j\log4j-core\2.14.0\log4j-core-2.14.0.jar;C:\Users\tushar.khushal.lakhe\.m2\repository\org\apache\logging\log4j\log4j-api\2.14.0\log4j-api-2.14.0.jar;"/>
    <property name="sun.cpu.endian" value="little"/>
    <property name="user.home" value="C:\Users\tushar.khushal.lakhe"/>
    <property name="user.language" value="en"/>
    <property name="java.specification.vendor" value="Oracle Corporation"/>
    <property name="java.home" value="C:\Program Files\Java\jdk1.8.0_301\jre"/>
    <property name="basedir" value="C:\Users\tushar.khushal.lakhe\IdeaProjects\SmartAPIautomationframework"/>
    <property name="file.separator" value="\"/>
    <property name="line.separator" value="&#10;"/>
    <property name="java.vm.specification.vendor" value="Oracle Corporation"/>
    <property name="java.specification.name" value="Java Platform API Specification"/>
    <property name="java.awt.graphicsenv" value="sun.awt.Win32GraphicsEnvironment"/>
    <property name="surefire.real.class.path" value="C:\Users\TUSHAR~1.LAK\AppData\Local\Temp\surefire1087788618298629708\surefirebooter4645081208198149953.jar"/>
    <property name="sun.boot.class.path" value="C:\Program Files\Java\jdk1.8.0_301\jre\lib\resources.jar;C:\Program Files\Java\jdk1.8.0_301\jre\lib\rt.jar;C:\Program Files\Java\jdk1.8.0_301\jre\lib\sunrsasign.jar;C:\Program Files\Java\jdk1.8.0_301\jre\lib\jsse.jar;C:\Program Files\Java\jdk1.8.0_301\jre\lib\jce.jar;C:\Program Files\Java\jdk1.8.0_301\jre\lib\charsets.jar;C:\Program Files\Java\jdk1.8.0_301\jre\lib\jfr.jar;C:\Program Files\Java\jdk1.8.0_301\jre\classes"/>
    <property name="user.script" value=""/>
    <property name="sun.management.compiler" value="HotSpot 64-Bit Tiered Compilers"/>
    <property name="java.runtime.version" value="1.8.0_301-b09"/>
    <property name="user.name" value="tushar.khushal.lakhe"/>
    <property name="path.separator" value=";"/>
    <property name="os.version" value="10.0"/>
    <property name="java.endorsed.dirs" value="C:\Program Files\Java\jdk1.8.0_301\jre\lib\endorsed"/>
    <property name="java.runtime.name" value="Java(TM) SE Runtime Environment"/>
    <property name="file.encoding" value="UTF-8"/>
    <property name="java.vm.name" value="Java HotSpot(TM) 64-Bit Server VM"/>
    <property name="localRepository" value="C:\Users\tushar.khushal.lakhe\.m2\repository"/>
    <property name="java.vendor.url.bug" value="http://bugreport.sun.com/bugreport/"/>
    <property name="java.io.tmpdir" value="C:\Users\TUSHAR~1.LAK\AppData\Local\Temp\"/>
    <property name="java.version" value="1.8.0_301"/>
    <property name="user.dir" value="C:\Users\tushar.khushal.lakhe\IdeaProjects\SmartAPIautomationframework"/>
    <property name="os.arch" value="amd64"/>
    <property name="java.vm.specification.name" value="Java Virtual Machine Specification"/>
    <property name="java.awt.printerjob" value="sun.awt.windows.WPrinterJob"/>
    <property name="sun.os.patch.level" value=""/>
    <property name="java.library.path" value="C:\Program Files\Java\jdk1.8.0_301\jre\bin;C:\windows\Sun\Java\bin;C:\windows\system32;C:\windows;C:\Program Files (x86)\TRICENTIS\Tosca Testsuite\ToscaCommander;;C:\Program Files (x86)\TRICENTIS\Tosca Testsuite\Classic;C:\Program Files (x86)\TRICENTIS\Tosca Testsuite\Classic\dll;C:\Program Files (x86)\TRICENTIS\Tosca Testsuite\Classic\dll\GuptaEngine;C:\Program Files (x86)\TRICENTIS\Tosca Testsuite\ToscaCommander;C:\Program Files (x86)\TRICENTIS\Tosca Testsuite\Classic\dll\DelphiEngine;C:\Program Files (x86)\TRICENTIS\Tosca Testsuite\Classic\dll\PBEngine;C:\Program Files (x86)\TRICENTIS\Tosca Testsuite\Classic\dll\VBEngine;C:\Program Files (x86)\TRICENTIS\Tosca Testsuite\Classic\dll\DotNetHooking;;C:\windows\system32;C:\windows;C:\windows\System32\Wbem;C:\windows\System32\WindowsPowerShell\v1.0\;C:\windows\System32\OpenSSH\;C:\Program Files (x86)\Pulse Secure\VC142.CRT\X64\;C:\Program Files (x86)\Pulse Secure\VC142.CRT\X86\;C:\Program Files (x86)\Common Files\Pulse Secure\VC142.CRT\X64\;C:\Program Files (x86)\Common Files\Pulse Secure\VC142.CRT\X86\;C:\Program Files\apache-maven-3.8.2\bin;C:\Program Files (x86)\Symantec\VIP Access Client\;C:\Users\tushar.khushal.lakhe\AppData\Local\Coursier\data\bin;C:\Users\tushar.khushal.lakhe\AppData\Local\Programs\Python\Python39;C:\Program Files\PuTTY\;C:\Program Files\Java\jdk1.8.0_301\bin;C:\Users\tushar.khushal.lakhe\Downloads\Git\cmd;C:\Users\tushar.khushal.lakhe\AppData\Local\Programs\Python\Python39\Scripts\;C:\Users\tushar.khushal.lakhe\AppData\Local\Programs\Python\Python39\;C:\Users\tushar.khushal.lakhe\AppData\Local\Microsoft\WindowsApps;C:\Program Files\JetBrains\IntelliJ IDEA Community Edition 2021.2\bin;C:\Users\tushar.khushal.lakhe\AppData\Local\Coursier\data\bin;C:\Users\tushar.khushal.lakhe\AppData\Local\Programs\Git\cmd;C:\Users\tushar.khushal.lakhe\Downloads\Git\bin\;;."/>
    <property name="java.vm.info" value="mixed mode"/>
    <property name="java.vendor" value="Oracle Corporation"/>
    <property name="java.vm.version" value="25.301-b09"/>
    <property name="java.ext.dirs" value="C:\Program Files\Java\jdk1.8.0_301\jre\lib\ext;C:\windows\Sun\Java\lib\ext"/>
    <property name="sun.io.unicode.encoding" value="UnicodeLittle"/>
    <property name="java.class.version" value="52.0"/>
  </properties>
  <testcase name="testParallel" classname="examples.users.runner.TestRunnerKarate" time="21.082">
    <failure message="status code was: 415, expected: 200, response time in milliseconds: 2149, url: https://anypoint.mulesoft.com/mocking/api/v1/sources/exchange/assets/fd604b43-365c-42e8-810f-733a2b7f411f/american-flights-api/2.0.1/m/flights?destination=SFO, response: &#10;{&quot;code&quot;:&quot;INVALID_RESPONSE_ACCEPT_HEADER&quot;,&quot;message&quot;:&quot;Error trying to find response for invalid media type&quot;}&#10;classpath:examples/users/test_cases/api/rest_Test_case_01.feature:13" type="java.lang.AssertionError">java.lang.AssertionError: 
status code was: 415, expected: 200, response time in milliseconds: 2149, url: https://anypoint.mulesoft.com/mocking/api/v1/sources/exchange/assets/fd604b43-365c-42e8-810f-733a2b7f411f/american-flights-api/2.0.1/m/flights?destination=SFO, response: 
{"code":"INVALID_RESPONSE_ACCEPT_HEADER","message":"Error trying to find response for invalid media type"}
classpath:examples/users/test_cases/api/rest_Test_case_01.feature:13
	at examples.users.runner.TestRunnerKarate.testParallel(TestRunnerKarate.java:22)
</failure>
    <system-out><![CDATA[17:11:49.556 [pool-1-thread-1] INFO  com.intuit.karate - karate.env system property was: null 
17:11:53.916 [pool-1-thread-1] ERROR com.intuit.karate - classpath:examples/users/test_cases/api/rest_Test_case_01.feature:13
Then status 200
status code was: 415, expected: 200, response time in milliseconds: 2149, url: https://anypoint.mulesoft.com/mocking/api/v1/sources/exchange/assets/fd604b43-365c-42e8-810f-733a2b7f411f/american-flights-api/2.0.1/m/flights?destination=SFO, response: 
{"code":"INVALID_RESPONSE_ACCEPT_HEADER","message":"Error trying to find response for invalid media type"}
classpath:examples/users/test_cases/api/rest_Test_case_01.feature:13
---------------------------------------------------------
feature: classpath:examples/users/test_cases/api/rest_Test_case_01.feature
scenarios:  1 | passed:  0 | failed:  1 | time: 4.1977
---------------------------------------------------------

17:11:56.691 [pool-2-thread-1] INFO  com.intuit.karate.Suite - <<fail>> feature 1 of 1 (0 remaining) classpath:examples/users/test_cases/api/rest_Test_case_01.feature
Karate version: 1.1.0
======================================================
elapsed:  17.86 | threads:  100 | thread time: 4.20 
features:     1 | skipped:    0 | efficiency: 0.00
scenarios:    1 | passed:     0 | failed: 1
======================================================
>>> failed features:
status code was: 415, expected: 200, response time in milliseconds: 2149, url: https://anypoint.mulesoft.com/mocking/api/v1/sources/exchange/assets/fd604b43-365c-42e8-810f-733a2b7f411f/american-flights-api/2.0.1/m/flights?destination=SFO, response: 
{"code":"INVALID_RESPONSE_ACCEPT_HEADER","message":"Error trying to find response for invalid media type"}
classpath:examples/users/test_cases/api/rest_Test_case_01.feature:13
<<<

HTML report: (paste into browser to view) | Karate version: 1.1.0
file:///C:/Users/tushar.khushal.lakhe/IdeaProjects/SmartAPIautomationframework/target/karate-reports/karate-summary.html
===================================================================

]]></system-out>
    <system-err><![CDATA[Jul 04, 2022 5:11:57 PM net.masterthought.cucumber.ReportParser parseJsonFiles
INFO: File 'C:\Users\tushar.khushal.lakhe\IdeaProjects\SmartAPIautomationframework\target\karate-reports\examples.users.test_cases.api.rest_Test_case_01.json' contains 1 features
]]></system-err>
  </testcase>
</testsuite>